
Showing logs for build [32mcb-kubecd-environment-pr-243-2-kxb55-1[0m stage [32mfrom-build-pack[0m and container [32mstep-credential-initializer-xlddc[0m
{"level":"info","ts":1593140897.1027765,"logger":"fallback-logger","caller":"logging/config.go:69","msg":"Fetch GitHub commit ID from kodata failed: open /var/run/ko/refs/heads/0.8.0-ns-support: no such file or directory"}
{"level":"info","ts":1593140897.103338,"logger":"fallback-logger","caller":"creds-init/main.go:40","msg":"Credentials initialized."}

Showing logs for build [32mcb-kubecd-environment-pr-243-2-kxb55-1[0m stage [32mfrom-build-pack[0m and container [32mstep-working-dir-initializer-7lsbn[0m
{"level":"info","ts":1593140898.2719147,"logger":"fallback-logger","caller":"logging/config.go:69","msg":"Fetch GitHub commit ID from kodata failed: open /var/run/ko/HEAD: no such file or directory"}
{"level":"info","ts":1593140898.2778363,"logger":"fallback-logger","caller":"bash/main.go:64","msg":"Successfully executed command \"sh -c mkdir -p /workspace/source\"; output "}

Showing logs for build [32mcb-kubecd-environment-pr-243-2-kxb55-1[0m stage [32mfrom-build-pack[0m and container [32mstep-place-tools[0m

Showing logs for build [32mcb-kubecd-environment-pr-243-2-kxb55-1[0m stage [32mfrom-build-pack[0m and container [32mstep-git-source-cb-kubecd-environment-pr-243-2-kxb55-lrvgk[0m
{"level":"info","ts":1593140904.4928057,"logger":"fallback-logger","caller":"logging/config.go:69","msg":"Fetch GitHub commit ID from kodata failed: open /var/run/ko/refs/heads/0.8.0-ns-support: no such file or directory"}
{"level":"info","ts":1593140905.6016994,"logger":"fallback-logger","caller":"git/git.go:103","msg":"Successfully cloned https://github.com/cb-kubecd/environment-pr-243-2-boot-vault-gke-staging.git @ master in path /workspace/source"}

Showing logs for build [32mcb-kubecd-environment-pr-243-2-kxb55-1[0m stage [32mfrom-build-pack[0m and container [32mstep-setup-builder-home[0m

Showing logs for build [32mcb-kubecd-environment-pr-243-2-kxb55-1[0m stage [32mfrom-build-pack[0m and container [32mstep-git-merge[0m
Using SHAs from PULL_REFS=master:eafc00aac49a3927a3ca3a58a43b06e28950803d,2:d5758009d03386c90adb40d8970d726a04a44ef0
DEBUG: LC_ALL=C JX_LOG_LEVEL=error git fetch origin --unshallow d5758009d03386c90adb40d8970d726a04a44ef0: eafc00aac49a3927a3ca3a58a43b06e28950803d:
DEBUG: ran git fetch --unshallow origin d5758009d03386c90adb40d8970d726a04a44ef0: eafc00aac49a3927a3ca3a58a43b06e28950803d: in 
DEBUG: LC_ALL=C JX_LOG_LEVEL=error git branch
DEBUG: LC_ALL=C JX_LOG_LEVEL=error git checkout master
DEBUG: ran git checkout master in 
DEBUG: LC_ALL=C JX_LOG_LEVEL=error git reset --hard eafc00aac49a3927a3ca3a58a43b06e28950803d
DEBUG: ran git reset --hard eafc00aac49a3927a3ca3a58a43b06e28950803d in 
DEBUG: LC_ALL=C JX_LOG_LEVEL=error git clean -fd .
DEBUG: ran clean --force -d . in 
DEBUG: LC_ALL=C JX_LOG_LEVEL=error git merge d5758009d03386c90adb40d8970d726a04a44ef0
DEBUG: ran git merge d5758009d03386c90adb40d8970d726a04a44ef0 in 
DEBUG: LC_ALL=C JX_LOG_LEVEL=error git log --format=%H%x1f%an%x1f%ae%x1f%cn%x1f%ce%x1f%s%n%b%x1e eafc00aac49a3927a3ca3a58a43b06e28950803d..HEAD
Merged SHA d5758009d03386c90adb40d8970d726a04a44ef0 with commit message 'chore: Promote bdd-sbhg-1593140433 to version 0.0.1' into base branch master

Showing logs for build [32mcb-kubecd-environment-pr-243-2-kxb55-1[0m stage [32mfrom-build-pack[0m and container [32mstep-build-helm-build[0m
WARNING: No $CHART_REPOSITORY defined so using the default value of: http://jenkins-x-chartmuseum:8080
Adding missing Helm repo: storage.googleapis.com https://storage.googleapis.com/chartmuseum.jenkins-x.io
WARNING: No secrets found on "helm/repos" due: reading the secret "helm/repos" from vault: no secret "helm/repos" not found in vault
Read credentials for https://storage.googleapis.com/chartmuseum.jenkins-x.io from vault helm/repos
Successfully added Helm repository storage.googleapis.com.
Adding missing Helm repo: jenkins-x-chartmuseum http://jenkins-x-chartmuseum:8080
WARNING: No secrets found on "helm/repos" due: reading the secret "helm/repos" from vault: no secret "helm/repos" not found in vault
Read credentials for http://jenkins-x-chartmuseum:8080 from vault helm/repos
Successfully added Helm repository jenkins-x-chartmuseum.
WARNING: No $CHART_REPOSITORY defined so using the default value of: http://jenkins-x-chartmuseum:8080
Adding missing Helm repo: chartmuseum.jenkins-x.io http://chartmuseum.jenkins-x.io
WARNING: No secrets found on "helm/repos" due: reading the secret "helm/repos" from vault: no secret "helm/repos" not found in vault
Read credentials for http://chartmuseum.jenkins-x.io from vault helm/repos
Successfully added Helm repository chartmuseum.jenkins-x.io.
